<?xml version="1.0" encoding="UTF-8"?>
<!-- Generated by org.testng.reporters.JUnitXMLReporter -->
<testsuite hostname="LAPTOP-N0G0NBDP" ignored="0" name="Testngtest" tests="3" failures="0" timestamp="16 May 2020 17:40:32 GMT" time="11.768" errors="0">
  <testcase name="create" time="0.019" classname="devdemo.Createemail"/>
  <testcase name="delete" time="0.002" classname="devdemo.DeleteEmail"/>
  <testcase name="loginmethod" time="11.678" classname="devdemo.Login"/>
</testsuite> <!-- Testngtest -->
